<?xml version="1.0" encoding="UTF-8"?>
<testsuite xmlns:xsi="http://www.w3.org/2001/XMLSchema-instance" xsi:noNamespaceSchemaLocation="https://maven.apache.org/surefire/maven-surefire-plugin/xsd/surefire-test-report-3.0.xsd" version="3.0" name="TestSuite" time="7.948" tests="6" errors="0" skipped="0" failures="0">
  <properties>
[...]
</properties>
  <testcase name="runScenario[&quot;Today is or is not Friday&quot;, &quot;Optional[Is it Friday yet?]&quot;](3)" classname="runner.TestRunner" time="0.238">
    <system-out><![CDATA[
Scenario Outline: Today is or is not Friday # src/test/java/feature/is_it_friday_yet.feature:13

Scenario Outline: Today is or is not Friday # src/test/java/feature/is_it_friday_yet.feature:12

@ui-test
Scenario: Finding some cheese                    # src/test/java/feature/finding_my_cheese.feature:5

Scenario Outline: Today is or is not Friday # src/test/java/feature/is_it_friday_yet.feature:11

@ui-test
Scenario: Finding some cheese                   # src/test/java/feature/finding_my_cheese.feature:12
  Given today is "anything else!"           # stepDefinition.FridayDefinitions.today_is_Sunday(java.lang.String)
  Given today is "Friday"                   # stepDefinition.FridayDefinitions.today_is_Sunday(java.lang.String)
  Given today is "Sunday"                   # stepDefinition.FridayDefinitions.today_is_Sunday(java.lang.String)
  When I ask whether it's Friday yet        # stepDefinition.FridayDefinitions.i_ask_whether_it_s_Friday_yet()
  When I ask whether it's Friday yet        # stepDefinition.FridayDefinitions.i_ask_whether_it_s_Friday_yet()
  When I ask whether it's Friday yet        # stepDefinition.FridayDefinitions.i_ask_whether_it_s_Friday_yet()
  Then I should be told "TGIF"              # stepDefinition.FridayDefinitions.i_should_be_told(java.lang.String)
  Then I should be told "Nope"              # stepDefinition.FridayDefinitions.i_should_be_told(java.lang.String)
  Then I should be told "Nope"              # stepDefinition.FridayDefinitions.i_should_be_told(java.lang.String)
]]></system-out>
    <system-err><![CDATA[SLF4J: Failed to load class "org.slf4j.impl.StaticLoggerBinder".
SLF4J: Defaulting to no-operation (NOP) logger implementation
SLF4J: See http://www.slf4j.org/codes.html#StaticLoggerBinder for further details.
]]></system-err>
  </testcase>
  <testcase name="runScenario[&quot;Today is or is not Friday&quot;, &quot;Optional[Is it Friday yet?]&quot;](3)" classname="runner.TestRunner" time="0.239"/>
  <testcase name="runScenario[&quot;Today is or is not Friday&quot;, &quot;Optional[Is it Friday yet?]&quot;](3)" classname="runner.TestRunner" time="0.239"/>
  <testcase name="runScenario[&quot;User login to application successfully.&quot;, &quot;Optional[Login to the application and verify home page.]&quot;](4)" classname="runner.TestRunner" time="0.033">
    <system-out><![CDATA[
Scenario: User login to application successfully.                                 # src/test/java/feature/login_to_my_app.feature:3
I launch the Amazon application.
  Given I navigate to the "Amazon" application                                    # stepDefinition.LoginDefinition.iNavigateToTheApplication(java.lang.String)
User clicked on the login button.
  And Click on the login button                                                   # stepDefinition.LoginDefinition.click_on_the_login_button()
Login page is displayed with Username and Password.
  Then The login page is displayed with Username and Password textbox             # stepDefinition.LoginDefinition.the_login_page_is_displayed_with_username_and_password_textbox()
I enter the username "dipudan1" and password "password@123" and click on login button. And thread :Thread[TestNG-PoolService-4,5,main]
I enter the username "dipudan2" and password "password@123" and click on login button. And thread :Thread[TestNG-PoolService-4,5,main]
I enter the username "dipudan3" and password "password@123" and click on login button. And thread :Thread[TestNG-PoolService-4,5,main]
I enter the username "dipudan4" and password "password@123" and click on login button. And thread :Thread[TestNG-PoolService-4,5,main]
I enter the username "dipudan5" and password "password@123" and click on login button. And thread :Thread[TestNG-PoolService-4,5,main]
I enter the username "dipudan6" and password "password@123" and click on login button. And thread :Thread[TestNG-PoolService-4,5,main]
I enter the username "dipudan7" and password "password@123" and click on login button. And thread :Thread[TestNG-PoolService-4,5,main]
I enter the username "dipudan8" and password "password@123" and click on login button. And thread :Thread[TestNG-PoolService-4,5,main]
I enter the username "dipudan9" and password "password@123" and click on login button. And thread :Thread[TestNG-PoolService-4,5,main]
I enter the username "dipudan10" and password "password@123" and click on login button. And thread :Thread[TestNG-PoolService-4,5,main]
I enter the username "dipudan11" and password "password@123" and click on login button. And thread :Thread[TestNG-PoolService-4,5,main]
I enter the username "dipudan12" and password "password@123" and click on login button. And thread :Thread[TestNG-PoolService-4,5,main]
I enter the username "dipudan13" and password "password@123" and click on login button. And thread :Thread[TestNG-PoolService-4,5,main]
I enter the username "dipudan14" and password "password@123" and click on login button. And thread :Thread[TestNG-PoolService-4,5,main]
I enter the username "dipudan15" and password "password@123" and click on login button. And thread :Thread[TestNG-PoolService-4,5,main]
I enter the username "dipudan16" and password "password@123" and click on login button. And thread :Thread[TestNG-PoolService-4,5,main]
I enter the username "dipudan17" and password "password@123" and click on login button. And thread :Thread[TestNG-PoolService-4,5,main]
I enter the username "dipudan18" and password "password@123" and click on login button. And thread :Thread[TestNG-PoolService-4,5,main]
I enter the username "dipudan19" and password "password@123" and click on login button. And thread :Thread[TestNG-PoolService-4,5,main]
I enter the username "dipudan20" and password "password@123" and click on login button. And thread :Thread[TestNG-PoolService-4,5,main]
I enter the username "dipudan21" and password "password@123" and click on login button. And thread :Thread[TestNG-PoolService-4,5,main]
I enter the username "dipudan22" and password "password@123" and click on login button. And thread :Thread[TestNG-PoolService-4,5,main]
I enter the username "dipudan23" and password "password@123" and click on login button. And thread :Thread[TestNG-PoolService-4,5,main]
I enter the username "dipudan24" and password "password@123" and click on login button. And thread :Thread[TestNG-PoolService-4,5,main]
  When I enter the username and password from datatable and click on login button # stepDefinition.FridayDefinitions.iEnterTheAndAndClickOnLoginButton(io.cucumber.datatable.DataTable)
I navigate to the homepage.
  Then I should navigate to the homepage.                                         # stepDefinition.LoginDefinition.i_should_navigate_to_the_homepage()
]]></system-out>
  </testcase>
  <testcase name="runScenario[&quot;Finding some cheese&quot;, &quot;Optional[I am searching for cheese.]&quot;](5)" classname="runner.TestRunner" time="6.492">
    <system-out><![CDATA[  Given I am on the Google search page           # stepDefinition.CheeseDefinition.i_am_on_the_google_search_page()
  Given I am on the Google search page          # stepDefinition.CheeseDefinition.i_am_on_the_google_search_page()
  When I search for "Peace!"                    # stepDefinition.CheeseDefinition.i_search_for(java.lang.String)
  Then the page title should start with "peace" # stepDefinition.CheeseDefinition.the_page_title_should_start_with(java.lang.String)
]]></system-out>
    <system-err><![CDATA[StartSitnga rCthironmegD rCihvroemre D9r2i.v0e.4r5 1952.1.007. 4(58175a.811087b 1(08575a38a1087b41304e5a593ea20b764d3c4cefa39ceb2eb768dc9cf531c3b4e-78r9e5f1s3/4b-rraefnsc/hbr-ahnecah-dhsea/ds4/5415155@@{{#1#61346})3 4o}n) p oortn 3 28p9o4r
Otn ly4 l7oc6al4 1conn
eOcntilonys  alreo acllaowled .c
oPlnenaseec setei hottnpss: /a/crhreo meadlrilvoerw.echdr.omiu
mP.lorega/sseec usrietey -hcotntsipdser:at/io/ncsh froor mseudggreistvioens orn. ckeherpinogm CihroumemDr.ivoerr sga/fsee.c
urity-considerations for suggestions on keeping ChromeDriver safe.
CChhrroommeeDDrriivveerr  wwasa ss tsatratretde ds uscuccceessssffululllyy..

Sep 07, 2021 10:41:58 AM org.openqa.selenium.remote.ProtocolHandshake createSession
INFO: Detected dialect: W3C
Sep 07, 2021 10:41:58 AM org.openqa.selenium.remote.ProtocolHandshake createSession
INFO: Detected dialect: W3C
Sep 07, 2021 10:41:58 AM org.openqa.selenium.devtools.CdpVersionFinder findNearestMatch
WARNING: Unable to find an exact match for CDP version 92, so returning the closest version found: a no-op implementation
Sep 07, 2021 10:41:58 AM org.openqa.selenium.devtools.CdpVersionFinder findNearestMatch
INFO: Unable to find CDP implementation matching 92.
Sep 07, 2021 10:41:58 AM org.openqa.selenium.devtools.CdpVersionFinder findNearestMatch
WARNING: Unable to find an exact match for CDP version 92, so returning the closest version found: a no-op implementation
Sep 07, 2021 10:41:58 AM org.openqa.selenium.devtools.CdpVersionFinder findNearestMatch
INFO: Unable to find CDP implementation matching 92.
Sep 07, 2021 10:41:58 AM org.openqa.selenium.chromium.ChromiumDriver lambda$new$0
WARNING: Unable to find version of CDP to use for . You may need to include a dependency on a specific version of the CDP using something similar to `org.seleniumhq.selenium:selenium-devtools-v86:4.0.0-alpha-7` where the version ("v86") matches the version of the chromium-based browser you're using and the version number of the artifact is the same as Selenium's.
Sep 07, 2021 10:41:58 AM org.openqa.selenium.chromium.ChromiumDriver lambda$new$0
WARNING: Unable to find version of CDP to use for . You may need to include a dependency on a specific version of the CDP using something similar to `org.seleniumhq.selenium:selenium-devtools-v86:4.0.0-alpha-7` where the version ("v86") matches the version of the chromium-based browser you're using and the version number of the artifact is the same as Selenium's.
]]></system-err>
  </testcase>
  <testcase name="runScenario[&quot;Finding some cheese&quot;, &quot;Optional[I am searching for cheese.]&quot;](6)" classname="runner.TestRunner" time="7.057">
    <system-out><![CDATA[  When I search for "Cheese!"                    # stepDefinition.CheeseDefinition.i_search_for(java.lang.String)
  Then the page title should start with "cheese" # stepDefinition.CheeseDefinition.the_page_title_should_start_with(java.lang.String)
]]></system-out>
  </testcase>
</testsuite>