<?xml version="1.0" encoding="UTF-8"?>
<testng-results ignored="0" total="6" passed="6" failed="0" skipped="0">
  <reporter-output>
  </reporter-output>
  <suite started-at="2021-09-07T10:41:55 IST" name="Surefire suite" finished-at="2021-09-07T10:42:03 IST" duration-ms="7718">
    <groups>
      <group name="cucumber">
        <method signature="AbstractTestNGCucumberTests.runScenario(io.cucumber.testng.PickleWrapper,io.cucumber.testng.FeatureWrapper)[pri:0, instance:runner.TestRunner@1534f01b]" name="runScenario" class="io.cucumber.testng.AbstractTestNGCucumberTests"/>
      </group> <!-- cucumber -->
    </groups>
    <test started-at="2021-09-07T10:41:55 IST" name="Surefire test" finished-at="2021-09-07T10:42:03 IST" duration-ms="7718">
      <class name="runner.TestRunner">
        <test-method is-config="true" signature="setUpClass()[pri:0, instance:runner.TestRunner@1534f01b]" started-at="2021-09-07T10:41:55 IST" name="setUpClass" finished-at="2021-09-07T10:41:55 IST" duration-ms="303" status="PASS">
          <reporter-output>
          </reporter-output>
        </test-method> <!-- setUpClass -->
        <test-method signature="runScenario(io.cucumber.testng.PickleWrapper,io.cucumber.testng.FeatureWrapper)[pri:0, instance:runner.TestRunner@1534f01b]" started-at="2021-09-07T10:41:55 IST" name="runScenario" description="Runs Cucumber Scenarios" data-provider="scenarios" finished-at="2021-09-07T10:42:02 IST" duration-ms="7296" status="PASS">
          <params>
            <param index="0">
              <value>
                <![CDATA["Finding some cheese"]]>
              </value>
            </param>
            <param index="1">
              <value>
                <![CDATA["Optional[I am searching for cheese.]"]]>
              </value>
            </param>
          </params>
          <reporter-output>
          </reporter-output>
        </test-method> <!-- runScenario -->
        <test-method signature="runScenario(io.cucumber.testng.PickleWrapper,io.cucumber.testng.FeatureWrapper)[pri:0, instance:runner.TestRunner@1534f01b]" started-at="2021-09-07T10:41:55 IST" name="runScenario" description="Runs Cucumber Scenarios" data-provider="scenarios" finished-at="2021-09-07T10:41:55 IST" duration-ms="232" status="PASS">
          <params>
            <param index="0">
              <value>
                <![CDATA["Today is or is not Friday"]]>
              </value>
            </param>
            <param index="1">
              <value>
                <![CDATA["Optional[Is it Friday yet?]"]]>
              </value>
            </param>
          </params>
          <reporter-output>
          </reporter-output>
        </test-method> <!-- runScenario -->
        <test-method signature="runScenario(io.cucumber.testng.PickleWrapper,io.cucumber.testng.FeatureWrapper)[pri:0, instance:runner.TestRunner@1534f01b]" started-at="2021-09-07T10:41:55 IST" name="runScenario" description="Runs Cucumber Scenarios" data-provider="scenarios" finished-at="2021-09-07T10:41:55 IST" duration-ms="232" status="PASS">
          <params>
            <param index="0">
              <value>
                <![CDATA["Today is or is not Friday"]]>
              </value>
            </param>
            <param index="1">
              <value>
                <![CDATA["Optional[Is it Friday yet?]"]]>
              </value>
            </param>
          </params>
          <reporter-output>
          </reporter-output>
        </test-method> <!-- runScenario -->
        <test-method signature="runScenario(io.cucumber.testng.PickleWrapper,io.cucumber.testng.FeatureWrapper)[pri:0, instance:runner.TestRunner@1534f01b]" started-at="2021-09-07T10:41:55 IST" name="runScenario" description="Runs Cucumber Scenarios" data-provider="scenarios" finished-at="2021-09-07T10:41:55 IST" duration-ms="232" status="PASS">
          <params>
            <param index="0">
              <value>
                <![CDATA["Today is or is not Friday"]]>
              </value>
            </param>
            <param index="1">
              <value>
                <![CDATA["Optional[Is it Friday yet?]"]]>
              </value>
            </param>
          </params>
          <reporter-output>
          </reporter-output>
        </test-method> <!-- runScenario -->
        <test-method signature="runScenario(io.cucumber.testng.PickleWrapper,io.cucumber.testng.FeatureWrapper)[pri:0, instance:runner.TestRunner@1534f01b]" started-at="2021-09-07T10:41:55 IST" name="runScenario" description="Runs Cucumber Scenarios" data-provider="scenarios" finished-at="2021-09-07T10:42:02 IST" duration-ms="6710" status="PASS">
          <params>
            <param index="0">
              <value>
                <![CDATA["Finding some cheese"]]>
              </value>
            </param>
            <param index="1">
              <value>
                <![CDATA["Optional[I am searching for cheese.]"]]>
              </value>
            </param>
          </params>
          <reporter-output>
          </reporter-output>
        </test-method> <!-- runScenario -->
        <test-method signature="runScenario(io.cucumber.testng.PickleWrapper,io.cucumber.testng.FeatureWrapper)[pri:0, instance:runner.TestRunner@1534f01b]" started-at="2021-09-07T10:41:55 IST" name="runScenario" description="Runs Cucumber Scenarios" data-provider="scenarios" finished-at="2021-09-07T10:41:55 IST" duration-ms="28" status="PASS">
          <params>
            <param index="0">
              <value>
                <![CDATA["User login to application successfully."]]>
              </value>
            </param>
            <param index="1">
              <value>
                <![CDATA["Optional[Login to the application and verify home page.]"]]>
              </value>
            </param>
          </params>
          <reporter-output>
          </reporter-output>
        </test-method> <!-- runScenario -->
        <test-method is-config="true" signature="tearDownClass()[pri:0, instance:runner.TestRunner@1534f01b]" started-at="2021-09-07T10:42:02 IST" name="tearDownClass" finished-at="2021-09-07T10:42:03 IST" duration-ms="82" status="PASS">
          <reporter-output>
          </reporter-output>
        </test-method> <!-- tearDownClass -->
      </class> <!-- runner.TestRunner -->
    </test> <!-- Surefire test -->
  </suite> <!-- Surefire suite -->
</testng-results>
